<?xml version="1.0" encoding="UTF-8" standalone="no"?>
<!DOCTYPE isopackager SYSTEM "generic-validating-packager.dtd">

<!-- ISO 8583:1993 (ASCII) field descriptions for GenericValidatingPackager -->

<isopackager>
  <isofield
      id="0"
      length="4"
      name="Message Type Indicator"
      class="com.futeh.progeny.iso.IFA_NUMERIC"/>
  <isofield
      id="1"
      length="16"
      name="Bitmap"
      class="com.futeh.progeny.iso.IFA_BITMAP"/>
  <isofield
      id="2"
      length="19"
      name="Primary Account number"
      class="com.futeh.progeny.iso.IFA_LLNUM">
      <isofieldvalidator
          class="com.futeh.progeny.iso.IVA_ALPHANUMNOZERO"
          break-on-error="false"
          maxlen="16"/>
  </isofield>
  <isofield
      id="3"
      length="6"
      name="Processing Code"
      class="com.futeh.progeny.iso.IFA_NUMERIC">
      <isofieldvalidator
          class="com.futeh.progeny.iso.IVA_NUM"
          break-on-error="false"
          maxlen="3"/>
  </isofield>
  <isofield
      id="4"
      length="12"
      name="Amount, Transaction"
      class="com.futeh.progeny.iso.IFA_NUMERIC">
            <isofieldvalidator
          class="com.futeh.progeny.iso.IVA_NUMNOZERO"
          break-on-error="false"
          maxlen="12"/>
  </isofield>
  <isofield
      id="5"
      length="12"
      name="Amount, Reconciliation"
      class="com.futeh.progeny.iso.IFA_NUMERIC"/>
  <isofield
      id="6"
      length="12"
      name="Amount, Cardholder billing"
      class="com.futeh.progeny.iso.IFA_NUMERIC"/>
  <isofield
      id="7"
      length="10"
      name="Date and time, transmission"
      class="com.futeh.progeny.iso.IFA_NUMERIC"/>
  <isofield
      id="8"
      length="8"
      name="Amount, Cardholder billing fee"
      class="com.futeh.progeny.iso.IFA_NUMERIC"/>
  <isofield
      id="9"
      length="8"
      name="Conversion rate, Reconciliation"
      class="com.futeh.progeny.iso.IFA_NUMERIC"/>
  <isofield
      id="10"
      length="8"
      name="Conversion rate, Cardholder billing"
      class="com.futeh.progeny.iso.IFA_NUMERIC"/>
  <isofield
      id="11"
      length="6"
      name="Systems trace audit number"
      class="com.futeh.progeny.iso.IFA_NUMERIC"/>
  <isofield
      id="12"
      length="12"
      name="Date and time, Local transaction"
      class="com.futeh.progeny.iso.IFA_NUMERIC"/>
  <isofield
      id="13"
      length="4"
      name="Date, Effective"
      class="com.futeh.progeny.iso.IFA_NUMERIC"/>
  <isofield
      id="14"
      length="4"
      name="Date, Expiration"
      class="com.futeh.progeny.iso.IFA_NUMERIC"/>
  <isofield
      id="15"
      length="6"
      name="Date, Settlement"
      class="com.futeh.progeny.iso.IFA_NUMERIC"/>
  <isofield
      id="16"
      length="4"
      name="Date, Conversion"
      class="com.futeh.progeny.iso.IFA_NUMERIC"/>
  <isofield
      id="17"
      length="4"
      name="Date, Capture"
      class="com.futeh.progeny.iso.IFA_NUMERIC"/>
  <isofield
      id="18"
      length="4"
      name="Merchant type"
      class="com.futeh.progeny.iso.IFA_NUMERIC"/>
  <isofield
      id="19"
      length="3"
      name="Country code, Acquiring institution"
      class="com.futeh.progeny.iso.IFA_NUMERIC"/>
  <isofield
      id="20"
      length="3"
      name="Country code, Primary account number"
      class="com.futeh.progeny.iso.IFA_NUMERIC"/>
  <isofield
      id="21"
      length="3"
      name="Country code, Forwarding institution"
      class="com.futeh.progeny.iso.IFA_NUMERIC"/>
  <isofield
      id="22"
      length="12"
      name="Point of service data code"
      class="com.futeh.progeny.iso.IF_CHAR">
      <isofieldvalidator
          class="com.futeh.progeny.iso.IVA_ALPHANUMNOBLANK"
          break-on-error="false"
          maxlen="12"/>
  </isofield>
  <isofield
      id="23"
      length="3"
      name="Card sequence number"
      class="com.futeh.progeny.iso.IFA_NUMERIC"/>
  <isofield
      id="24"
      length="3"
      name="Function code"
      class="com.futeh.progeny.iso.IFA_NUMERIC"/>
  <isofield
      id="25"
      length="4"
      name="Message reason code"
      class="com.futeh.progeny.iso.IFA_NUMERIC"/>
  <isofield
      id="26"
      length="4"
      name="Card acceptor business code"
      class="com.futeh.progeny.iso.IFA_NUMERIC"/>
  <isofield
      id="27"
      length="1"
      name="Approval code length"
      class="com.futeh.progeny.iso.IFA_NUMERIC"/>
  <isofield
      id="28"
      length="6"
      name="Date, Reconciliation"
      class="com.futeh.progeny.iso.IFA_NUMERIC"/>
  <isofield
      id="29"
      length="3"
      name="Reconciliation indicator"
      class="com.futeh.progeny.iso.IFA_NUMERIC"/>
  <isofield
      id="30"
      length="24"
      name="Amounts, original"
      class="com.futeh.progeny.iso.IFA_NUMERIC"/>
  <isofield
      id="31"
      length="99"
      name="Acquirer reference data"
      class="com.futeh.progeny.iso.IFA_LLCHAR"/>
  <isofield
      id="32"
      length="11"
      name="Acquirer institution identification code"
      class="com.futeh.progeny.iso.IFA_LLNUM">
      <isofieldvalidator
          class="com.futeh.progeny.iso.IVA_ALPHANUMNOZERO_NOBLANK">
          <property name="max-len" value="11"/>
          <property name="break-on-error" value="false"/>
      </isofieldvalidator>
  </isofield>
  <isofield
      id="33"
      length="11"
      name="Forwarding institution identification code"
      class="com.futeh.progeny.iso.IFA_LLNUM">
      <isofieldvalidator
          class="com.futeh.progeny.iso.IVA_ALPHANUMNOZERO_NOBLANK">
          <property name="max-len" value="11"/>
          <property name="break-on-error" value="false"/>
      </isofieldvalidator>
  </isofield>
  <isofield
      id="34"
      length="28"
      name="Primary account number, extended"
      class="com.futeh.progeny.iso.IFA_LLCHAR"/>
  <isofield
      id="35"
      length="37"
      name="Track 2 data"
      class="com.futeh.progeny.iso.IFA_LLCHAR"/>
  <isofield
      id="36"
      length="104"
      name="Track 3 data"
      class="com.futeh.progeny.iso.IFA_LLLCHAR"/>
  <isofield
      id="37"
      length="12"
      name="Retrieval reference number"
      class="com.futeh.progeny.iso.IF_CHAR"/>
  <isofield
      id="38"
      length="6"
      name="Approval code"
      class="com.futeh.progeny.iso.IF_CHAR"/>
  <isofield
      id="39"
      length="3"
      name="Action code"
      class="com.futeh.progeny.iso.IFA_NUMERIC"/>
  <isofield
      id="40"
      length="3"
      name="Service code"
      class="com.futeh.progeny.iso.IFA_NUMERIC"/>
  <isofield
      id="41"
      length="8"
      name="Card acceptor terminal identification"
      class="com.futeh.progeny.iso.IF_CHAR"/>
  <isofield
      id="42"
      length="15"
      name="Card acceptor identification code"
      class="com.futeh.progeny.iso.IF_CHAR"/>
  <isofield
      id="43"
      length="99"
      name="Card acceptor name/location"
      class="com.futeh.progeny.iso.IFA_LLCHAR"/>
  <isofield
      id="44"
      length="99"
      name="Additional response data"
      class="com.futeh.progeny.iso.IFA_LLCHAR"/>
  <isofield
      id="45"
      length="76"
      name="Track 1 data"
      class="com.futeh.progeny.iso.IFA_LLCHAR"/>
  <isofield
      id="46"
      length="204"
      name="Amounts, Fees"
      class="com.futeh.progeny.iso.IFA_LLLCHAR"/>
  <isofield
      id="47"
      length="999"
      name="Additional data - national"
      class="com.futeh.progeny.iso.IFA_LLLCHAR"/>
  <isofieldpackager
      id="48"
      length="999"
      name="Additional data - private"
      class="com.futeh.progeny.iso.IFA_LLLBINARY"
      packager="com.futeh.progeny.iso.packager.CTCSubElementPackager"
      validator="com.futeh.progeny.iso.packager.ISOBaseValidatingPackager">
      <isofieldpackager
          id="0"
          length="999"
          name="Security Indicator"
          class="com.futeh.progeny.iso.IFA_LLLBINARY"
          packager="com.futeh.progeny.iso.packager.CTCSubFieldPackager"
          validator="com.futeh.progeny.iso.packager.ISOBaseValidatingPackager">
          <isofield
              id="0"
              length="2"
              name="Level Security Indicator"
              class="com.futeh.progeny.iso.IFA_NUMERIC">
              <isofieldvalidator
                  class="com.futeh.progeny.iso.IVA_NUM">
                  <property name="max-len" value="2"/>
                  <property name="radix" value="16"/>
                  <property name="break-on-error" value="false"/>
              </isofieldvalidator>
          </isofield>
      </isofieldpackager>
      <isofieldpackager
          id="1"
          length="999"
          name="Sheet Serial Number"
          class="com.futeh.progeny.iso.IFA_LLLBINARY"
          packager="com.futeh.progeny.iso.packager.CTCSubFieldPackager"
          validator="com.futeh.progeny.iso.packager.ISOBaseValidatingPackager">
          <isofield
              id="0"
              length="12"
              name="Merchant Serial"
              class="com.futeh.progeny.iso.IFA_NUMERIC">
              <isofieldvalidator
                  class="com.futeh.progeny.iso.IVA_NUMNOZERO"
                  maxlen="10">
                      <property name="radix" value="16"/>
              </isofieldvalidator>
          </isofield>
          <isofield
              id="1"
              length="12"
              name="Customer Serial"
              class="com.futeh.progeny.iso.IFA_NUMERIC">
              <isofieldvalidator
                  class="com.futeh.progeny.iso.IVA_NUMNOZERO"
                  maxlen="15"/>
          </isofield>
          <isovalidator class="com.futeh.progeny.iso.validator.MSGTEST02" break-on-error="false"/>
      </isofieldpackager>
      <isofieldpackager
          id="2"
          length="999"
          name="Reference Number"
          class="com.futeh.progeny.iso.IFA_LLLBINARY"
          packager="com.futeh.progeny.iso.packager.CTCSubFieldPackager"
          validator="com.futeh.progeny.iso.packager.ISOBaseValidatingPackager">
          <isofield
              id="0"
              length="15"
              name="Reference Number"
              class="com.futeh.progeny.iso.IFA_NUMERIC">
              <isofieldvalidator
                  class="com.futeh.progeny.iso.IVA_NUMNOZERO">
                  <property name="maxlen" value="12"/>
              </isofieldvalidator>
          </isofield>
      </isofieldpackager>
  </isofieldpackager>
  <isofield
      id="49"
      length="3"
      name="Currency code, Transaction"
      class="com.futeh.progeny.iso.IF_CHAR">
      <isofieldvalidator
          class="com.futeh.progeny.iso.IVA_NUM">
          <property name="max-len" value="3"/>
          <property name="break-on-error" value="false"/>
      </isofieldvalidator>
  </isofield>
  <isofield
      id="50"
      length="3"
      name="Currency code, Reconciliation"
      class="com.futeh.progeny.iso.IF_CHAR"/>
  <isofield
      id="51"
      length="3"
      name="Currency code, Cardholder billing"
      class="com.futeh.progeny.iso.IF_CHAR"/>
  <isofield
      id="52"
      length="8"
      name="Personal identification number [PIN] data"
      class="com.futeh.progeny.iso.IFA_BINARY"/>
  <isofield
      id="53"
      length="48"
      name="Security related control information"
      class="com.futeh.progeny.iso.IFA_LLBINARY"/>
  <isofield
      id="54"
      length="120"
      name="Amounts, additional"
      class="com.futeh.progeny.iso.IFA_LLLCHAR"/>
  <isofield
      id="55"
      length="255"
      name="IC card system related data"
      class="com.futeh.progeny.iso.IFA_LLLBINARY"/>
  <isofield
      id="56"
      length="35"
      name="Original data elements"
      class="com.futeh.progeny.iso.IFA_LLNUM"/>
  <isofield
      id="57"
      length="3"
      name="Authorization life cycle code"
      class="com.futeh.progeny.iso.IFA_NUMERIC"/>
  <isofield
      id="58"
      length="11"
      name="Authorizing agent institution Id Code"
      class="com.futeh.progeny.iso.IFA_LLNUM"/>
  <isofield
      id="59"
      length="999"
      name="Transport data"
      class="com.futeh.progeny.iso.IFA_LLLCHAR"/>
  <isofield
      id="60"
      length="999"
      name="Reserved for national use"
      class="com.futeh.progeny.iso.IFA_LLLCHAR"/>
  <isofield
      id="61"
      length="999"
      name="Reserved for national use"
      class="com.futeh.progeny.iso.IFA_LLLCHAR"/>
  <isofield
      id="62"
      length="999"
      name="Reserved for private use"
      class="com.futeh.progeny.iso.IFA_LLLCHAR"/>
  <isofield
      id="63"
      length="999"
      name="Reserved for private use"
      class="com.futeh.progeny.iso.IFA_LLLCHAR"/>
  <isofield
      id="64"
      length="8"
      name="Message authentication code field"
      class="com.futeh.progeny.iso.IFA_BINARY"/>
  <isofield
      id="65"
      length="8"
      name="Reserved for ISO use"
      class="com.futeh.progeny.iso.IFA_BINARY"/>
  <isofield
      id="66"
      length="204"
      name="Amounts, original fees"
      class="com.futeh.progeny.iso.IFA_LLLCHAR"/>
  <isofield
      id="67"
      length="2"
      name="Extended payment data"
      class="com.futeh.progeny.iso.IFA_NUMERIC"/>
  <isofield
      id="68"
      length="3"
      name="Country code, receiving institution"
      class="com.futeh.progeny.iso.IFA_NUMERIC"/>
  <isofield
      id="69"
      length="3"
      name="Country code, settlement institution"
      class="com.futeh.progeny.iso.IFA_NUMERIC"/>
  <isofield
      id="70"
      length="3"
      name="Country code, authorizing agent Inst."
      class="com.futeh.progeny.iso.IFA_NUMERIC"/>
  <isofield
      id="71"
      length="8"
      name="Message number"
      class="com.futeh.progeny.iso.IFA_NUMERIC"/>
  <isofield
      id="72"
      length="999"
      name="Data record"
      class="com.futeh.progeny.iso.IFA_LLLCHAR"/>
  <isofield
      id="73"
      length="6"
      name="Date, action"
      class="com.futeh.progeny.iso.IFA_NUMERIC"/>
  <isofield
      id="74"
      length="10"
      name="Credits, number"
      class="com.futeh.progeny.iso.IFA_NUMERIC"/>
  <isofield
      id="75"
      length="10"
      name="Credits, reversal number"
      class="com.futeh.progeny.iso.IFA_NUMERIC"/>
  <isofield
      id="76"
      length="10"
      name="Debits, number"
      class="com.futeh.progeny.iso.IFA_NUMERIC"/>
  <isofield
      id="77"
      length="10"
      name="Debits, reversal number"
      class="com.futeh.progeny.iso.IFA_NUMERIC"/>
  <isofield
      id="78"
      length="10"
      name="Transfer, number"
      class="com.futeh.progeny.iso.IFA_NUMERIC"/>
  <isofield
      id="79"
      length="10"
      name="Transfer, reversal number"
      class="com.futeh.progeny.iso.IFA_NUMERIC"/>
  <isofield
      id="80"
      length="10"
      name="Inquiries, number"
      class="com.futeh.progeny.iso.IFA_NUMERIC"/>
  <isofield
      id="81"
      length="10"
      name="Authorizations, number"
      class="com.futeh.progeny.iso.IFA_NUMERIC"/>
  <isofield
      id="82"
      length="10"
      name="Inquiries, reversal number"
      class="com.futeh.progeny.iso.IFA_NUMERIC"/>
  <isofield
      id="83"
      length="10"
      name="Payments, number"
      class="com.futeh.progeny.iso.IFA_NUMERIC"/>
  <isofield
      id="84"
      length="10"
      name="Payments, reversal number"
      class="com.futeh.progeny.iso.IFA_NUMERIC"/>
  <isofield
      id="85"
      length="10"
      name="Fee collections, number"
      class="com.futeh.progeny.iso.IFA_NUMERIC"/>
  <isofield
      id="86"
      length="16"
      name="Credits, amount"
      class="com.futeh.progeny.iso.IFA_NUMERIC"/>
  <isofield
      id="87"
      length="16"
      name="Credits, reversal amount"
      class="com.futeh.progeny.iso.IFA_NUMERIC"/>
  <isofield
      id="88"
      length="16"
      name="Debits, amount"
      class="com.futeh.progeny.iso.IFA_NUMERIC"/>
  <isofield
      id="89"
      length="16"
      name="Debits, reversal amount"
      class="com.futeh.progeny.iso.IFA_NUMERIC"/>
  <isofield
      id="90"
      length="10"
      name="Authorizations, reversal number"
      class="com.futeh.progeny.iso.IFA_NUMERIC"/>
  <isofield
      id="91"
      length="3"
      name="Country code, transaction Dest. Inst."
      class="com.futeh.progeny.iso.IFA_NUMERIC"/>
  <isofield
      id="92"
      length="3"
      name="Country code, transaction Orig. Inst."
      class="com.futeh.progeny.iso.IFA_NUMERIC"/>
  <isofield
      id="93"
      length="11"
      name="Transaction Dest. Inst. Id code"
      class="com.futeh.progeny.iso.IFA_LLNUM"/>
  <isofield
      id="94"
      length="11"
      name="Transaction Orig. Inst. Id code"
      class="com.futeh.progeny.iso.IFA_LLNUM"/>
  <isofield
      id="95"
      length="99"
      name="Card issuer reference data"
      class="com.futeh.progeny.iso.IFA_LLCHAR"/>
  <isofield
      id="96"
      length="999"
      name="Key management data"
      class="com.futeh.progeny.iso.IFA_LLLBINARY"/>
  <isofield
      id="97"
      length="17"
      name="Amount, Net reconciliation"
      class="com.futeh.progeny.iso.IFA_AMOUNT"/>
  <isofield
      id="98"
      length="25"
      name="Payee"
      class="com.futeh.progeny.iso.IF_CHAR"/>
  <isofield
      id="99"
      length="11"
      name="Settlement institution Id code"
      class="com.futeh.progeny.iso.IFA_LLCHAR"/>
  <isofield
      id="100"
      length="11"
      name="Receiving institution Id code"
      class="com.futeh.progeny.iso.IFA_LLNUM"/>
  <isofield
      id="101"
      length="17"
      name="File name"
      class="com.futeh.progeny.iso.IFA_LLCHAR"/>
  <isofield
      id="102"
      length="28"
      name="Account identification 1"
      class="com.futeh.progeny.iso.IFA_LLCHAR"/>
  <isofield
      id="103"
      length="28"
      name="Account identification 2"
      class="com.futeh.progeny.iso.IFA_LLCHAR"/>
  <isofield
      id="104"
      length="100"
      name="Transaction description"
      class="com.futeh.progeny.iso.IFA_LLLCHAR"/>
  <isofield
      id="105"
      length="16"
      name="Credits, Chargeback amount"
      class="com.futeh.progeny.iso.IFA_NUMERIC"/>
  <isofield
      id="106"
      length="16"
      name="Debits, Chargeback amount"
      class="com.futeh.progeny.iso.IFA_NUMERIC"/>
  <isofield
      id="107"
      length="10"
      name="Credits, Chargeback number"
      class="com.futeh.progeny.iso.IFA_NUMERIC"/>
  <isofield
      id="108"
      length="10"
      name="Debits, Chargeback number"
      class="com.futeh.progeny.iso.IFA_NUMERIC"/>
  <isofield
      id="109"
      length="84"
      name="Credits, Fee amounts"
      class="com.futeh.progeny.iso.IFA_LLCHAR"/>
  <isofield
      id="110"
      length="84"
      name="Debits, Fee amounts"
      class="com.futeh.progeny.iso.IFA_LLCHAR"/>
  <isofield
      id="111"
      length="999"
      name="Reserved for ISO use"
      class="com.futeh.progeny.iso.IFA_LLLCHAR"/>
  <isofield
      id="112"
      length="999"
      name="Reserved for ISO use"
      class="com.futeh.progeny.iso.IFA_LLLCHAR"/>
  <isofield
      id="113"
      length="999"
      name="Reserved for ISO use"
      class="com.futeh.progeny.iso.IFA_LLLCHAR"/>
  <isofield
      id="114"
      length="999"
      name="Reserved for ISO use"
      class="com.futeh.progeny.iso.IFA_LLLCHAR"/>
  <isofield
      id="115"
      length="999"
      name="Reserved for ISO use"
      class="com.futeh.progeny.iso.IFA_LLLCHAR"/>
  <isofield
      id="116"
      length="999"
      name="Reserved for national use"
      class="com.futeh.progeny.iso.IFA_LLLCHAR"/>
  <isofield
      id="117"
      length="999"
      name="Reserved for national use"
      class="com.futeh.progeny.iso.IFA_LLLCHAR"/>
  <isofield
      id="118"
      length="999"
      name="Reserved for national use"
      class="com.futeh.progeny.iso.IFA_LLLCHAR"/>
  <isofield
      id="119"
      length="999"
      name="Reserved for national use"
      class="com.futeh.progeny.iso.IFA_LLLCHAR"/>
  <isofield
      id="120"
      length="999"
      name="Reserved for national use"
      class="com.futeh.progeny.iso.IFA_LLLCHAR"/>
  <isofield
      id="121"
      length="999"
      name="Reserved for national use"
      class="com.futeh.progeny.iso.IFA_LLLCHAR"/>
  <isofield
      id="122"
      length="999"
      name="Reserved for national use"
      class="com.futeh.progeny.iso.IFA_LLLCHAR"/>
  <isofield
      id="123"
      length="999"
      name="Reserved for private use"
      class="com.futeh.progeny.iso.IFA_LLLCHAR"/>
  <isofield
      id="124"
      length="999"
      name="Reserved for private use"
      class="com.futeh.progeny.iso.IFA_LLLCHAR"/>
  <isofield
      id="125"
      length="999"
      name="Reserved for private use"
      class="com.futeh.progeny.iso.IFA_LLLCHAR"/>
  <isofield
      id="126"
      length="999"
      name="Reserved for private use"
      class="com.futeh.progeny.iso.IFA_LLLCHAR"/>
  <isofield
      id="127"
      length="999"
      name="Reserved for private use"
      class="com.futeh.progeny.iso.IFA_LLLCHAR"/>
  <isofield
      id="128"
      length="8"
      name="Message authentication code field"
      class="com.futeh.progeny.iso.IFA_BINARY"/>
      <isovalidator class="com.futeh.progeny.iso.validator.TEST0100" break-on-error="false">
          <property name="msg-type" value="0100 0110"/>
      </isovalidator>
      <isovalidator class="com.futeh.progeny.iso.validator.MSGTEST" break-on-error="false"/>
</isopackager>
